<?xml version="1.0" encoding="UTF-8"?>
<coverage generated="1593738162980" clover="3.2.0">
  <project timestamp="1593738162980" name="All files">
    <metrics statements="30" coveredstatements="30" conditionals="24" coveredconditionals="21" methods="5" coveredmethods="5" elements="59" coveredelements="56" complexity="0" loc="30" ncloc="30" packages="1" files="1" classes="1"/>
    <file name="birthday.js" path="/Users/marielhamson/Desktop/super-galactic-age-calculator/src/birthday.js">
      <metrics statements="30" coveredstatements="30" conditionals="24" coveredconditionals="21" methods="5" coveredmethods="5"/>
      <line num="3" count="17" type="stmt"/>
      <line num="4" count="17" type="stmt"/>
      <line num="5" count="17" type="stmt"/>
      <line num="6" count="17" type="stmt"/>
      <line num="7" count="17" type="stmt"/>
      <line num="8" count="17" type="stmt"/>
      <line num="9" count="17" type="stmt"/>
      <line num="10" count="17" type="stmt"/>
      <line num="14" count="1" type="cond" truecount="5" falsecount="1"/>
      <line num="15" count="1" type="stmt"/>
      <line num="19" count="16" type="stmt"/>
      <line num="20" count="16" type="stmt"/>
      <line num="24" count="12" type="cond" truecount="2" falsecount="0"/>
      <line num="25" count="3" type="stmt"/>
      <line num="26" count="9" type="cond" truecount="2" falsecount="0"/>
      <line num="27" count="3" type="stmt"/>
      <line num="28" count="6" type="cond" truecount="2" falsecount="0"/>
      <line num="29" count="3" type="stmt"/>
      <line num="30" count="3" type="cond" truecount="1" falsecount="1"/>
      <line num="31" count="3" type="stmt"/>
      <line num="36" count="8" type="cond" truecount="2" falsecount="0"/>
      <line num="37" count="2" type="stmt"/>
      <line num="38" count="6" type="cond" truecount="2" falsecount="0"/>
      <line num="39" count="2" type="stmt"/>
      <line num="40" count="4" type="cond" truecount="2" falsecount="0"/>
      <line num="41" count="2" type="stmt"/>
      <line num="42" count="2" type="cond" truecount="1" falsecount="1"/>
      <line num="43" count="2" type="stmt"/>
      <line num="46" count="8" type="cond" truecount="2" falsecount="0"/>
      <line num="47" count="4" type="stmt"/>
    </file>
  </project>
</coverage>
