TN:
SF:/Users/marielhamson/Desktop/super-galactic-age-calculator/src/birthday.js
FN:2,(anonymous_0)
FN:13,(anonymous_1)
FN:18,(anonymous_2)
FN:23,(anonymous_3)
FN:35,(anonymous_4)
FNF:5
FNH:5
FNDA:17,(anonymous_0)
FNDA:1,(anonymous_1)
FNDA:16,(anonymous_2)
FNDA:12,(anonymous_3)
FNDA:8,(anonymous_4)
DA:3,17
DA:4,17
DA:5,17
DA:6,17
DA:7,17
DA:8,17
DA:9,17
DA:10,17
DA:14,1
DA:15,1
DA:19,16
DA:20,16
DA:24,12
DA:25,3
DA:26,9
DA:27,3
DA:28,6
DA:29,3
DA:30,3
DA:31,3
DA:36,8
DA:37,2
DA:38,6
DA:39,2
DA:40,4
DA:41,2
DA:42,2
DA:43,2
DA:46,8
DA:47,4
LF:30
LH:30
BRDA:14,0,0,1
BRDA:14,0,1,0
BRDA:14,1,0,1
BRDA:14,1,1,1
BRDA:14,1,2,1
BRDA:14,1,3,1
BRDA:24,2,0,3
BRDA:24,2,1,9
BRDA:26,3,0,3
BRDA:26,3,1,6
BRDA:28,4,0,3
BRDA:28,4,1,3
BRDA:30,5,0,3
BRDA:30,5,1,0
BRDA:36,6,0,2
BRDA:36,6,1,6
BRDA:38,7,0,2
BRDA:38,7,1,4
BRDA:40,8,0,2
BRDA:40,8,1,2
BRDA:42,9,0,2
BRDA:42,9,1,0
BRDA:46,10,0,4
BRDA:46,10,1,4
BRF:24
BRH:21
end_of_record
